2025-03-06 11:40:24,997 - INFO - Directory already exists: c:\Users\HP\Documents\Dagii\Credit-scoring-model\data
2025-03-06 11:40:25,007 - INFO - Directory already exists: c:\Users\HP\Documents\Dagii\Credit-scoring-model\src\../logs
2025-03-06 11:41:47,620 - INFO - Attempting to load data from: c:\Users\HP\Documents\Dagii\Credit-scoring-model\data\data.csv
2025-03-06 11:41:48,011 - INFO - Successfully loaded data from: c:\Users\HP\Documents\Dagii\Credit-scoring-model\data\data.csv
2025-03-06 11:42:14,813 - INFO - Attempting to load data from: c:\Users\HP\Documents\Dagii\Credit-scoring-model\data\data.csv
2025-03-06 11:42:15,154 - INFO - Successfully loaded data from: c:\Users\HP\Documents\Dagii\Credit-scoring-model\data\data.csv
2025-03-06 11:46:01,318 - INFO - Directory already exists: c:\Users\HP\Documents\Dagii\Credit-scoring-model\data
2025-03-06 11:46:01,318 - INFO - Directory already exists: c:\Users\HP\Documents\Dagii\Credit-scoring-model\src\../logs
2025-03-06 11:46:13,354 - INFO - Attempting to load data from: c:\Users\HP\Documents\Dagii\Credit-scoring-model\data\data.csv
2025-03-06 11:46:13,722 - INFO - Successfully loaded data from: c:\Users\HP\Documents\Dagii\Credit-scoring-model\data\data.csv
2025-03-06 11:57:34,954 - INFO - Directory already exists: c:\Users\HP\Documents\Dagii\Credit-scoring-model\data
2025-03-06 11:57:34,954 - INFO - Directory already exists: c:\Users\HP\Documents\Dagii\Credit-scoring-model\src\../logs
2025-03-06 11:57:36,814 - INFO - Attempting to load data from: c:\Users\HP\Documents\Dagii\Credit-scoring-model\data\data.csv
2025-03-06 11:57:37,186 - INFO - Successfully loaded data from: c:\Users\HP\Documents\Dagii\Credit-scoring-model\data\data.csv
2025-03-06 11:58:54,203 - INFO - Directory already exists: c:\Users\HP\Documents\Dagii\Credit-scoring-model\data
2025-03-06 11:58:54,203 - INFO - Directory already exists: c:\Users\HP\Documents\Dagii\Credit-scoring-model\src\../logs
2025-03-06 11:58:58,637 - INFO - Attempting to load data from: c:\Users\HP\Documents\Dagii\Credit-scoring-model\data\data.csv
2025-03-06 11:58:59,012 - INFO - Successfully loaded data from: c:\Users\HP\Documents\Dagii\Credit-scoring-model\data\data.csv
2025-03-06 12:05:30,029 - INFO - Starting distribution analysis of numerical features
2025-03-06 12:05:30,033 - INFO - Identified 5 numerical columns: ['CountryCode', 'Amount', 'Value', 'PricingStrategy', 'FraudResult']
2025-03-06 12:05:30,033 - INFO - Generating histograms
2025-03-06 12:05:30,929 - INFO - Generating box plots for outlier detection
2025-03-06 12:05:32,282 - INFO - Generating pair plots for multivariate analysis
2025-03-06 12:07:45,744 - INFO - Checking for skewness
2025-03-06 12:07:45,994 - INFO - Distribution analysis completed
2025-03-06 12:07:46,017 - INFO - Attempting to load data from: c:\Users\HP\Documents\Dagii\Credit-scoring-model\data\data.csv
2025-03-06 12:07:46,347 - INFO - Successfully loaded data from: c:\Users\HP\Documents\Dagii\Credit-scoring-model\data\data.csv
2025-03-06 12:13:24,501 - INFO - Directory already exists: c:\Users\HP\Documents\Dagii\Credit-scoring-model\data
2025-03-06 12:13:24,501 - INFO - Directory already exists: c:\Users\HP\Documents\Dagii\Credit-scoring-model\src\../logs
2025-03-06 12:13:34,055 - INFO - Attempting to load data from: c:\Users\HP\Documents\Dagii\Credit-scoring-model\data\data.csv
2025-03-06 12:13:34,491 - INFO - Successfully loaded data from: c:\Users\HP\Documents\Dagii\Credit-scoring-model\data\data.csv
2025-03-06 12:13:56,291 - INFO - Starting distribution analysis of numerical features
2025-03-06 12:13:56,306 - INFO - Identified 5 numerical columns: ['CountryCode', 'Amount', 'Value', 'PricingStrategy', 'FraudResult']
2025-03-06 12:13:56,306 - INFO - Generating histograms
2025-03-06 12:13:57,200 - INFO - Generating box plots for outlier detection
2025-03-06 12:13:58,535 - INFO - Generating pair plots for multivariate analysis
2025-03-06 12:16:09,830 - INFO - Checking for skewness
2025-03-06 12:16:09,964 - INFO - Distribution analysis completed
2025-03-06 12:16:10,167 - INFO - Starting distribution analysis of categorical features
2025-03-06 12:16:10,190 - INFO - Identified 11 categorical columns: ['TransactionId', 'BatchId', 'AccountId', 'SubscriptionId', 'CustomerId', 'CurrencyCode', 'ProviderId', 'ProductId', 'ProductCategory', 'ChannelId', 'TransactionStartTime']
2025-03-06 12:24:17,033 - INFO - Directory already exists: c:\Users\HP\Documents\Dagii\Credit-scoring-model\data
2025-03-06 12:24:17,035 - INFO - Directory already exists: c:\Users\HP\Documents\Dagii\Credit-scoring-model\src\../logs
2025-03-06 12:24:28,505 - INFO - Attempting to load data from: c:\Users\HP\Documents\Dagii\Credit-scoring-model\data\data.csv
2025-03-06 12:24:28,882 - INFO - Successfully loaded data from: c:\Users\HP\Documents\Dagii\Credit-scoring-model\data\data.csv
2025-03-06 12:24:41,469 - INFO - Starting distribution analysis of categorical features
2025-03-06 12:24:41,492 - INFO - Identified 11 categorical columns: ['TransactionId', 'BatchId', 'AccountId', 'SubscriptionId', 'CustomerId', 'CurrencyCode', 'ProviderId', 'ProductId', 'ProductCategory', 'ChannelId', 'TransactionStartTime']
2025-03-06 13:27:24,303 - INFO - Categorical distribution analysis completed
2025-03-06 15:59:34,642 - INFO - Directory already exists: c:\Users\HP\Documents\Dagii\Credit-scoring-model\data
2025-03-06 15:59:34,644 - INFO - Directory already exists: c:\Users\HP\Documents\Dagii\Credit-scoring-model\src\../logs
2025-03-06 16:00:16,519 - INFO - Directory already exists: c:\Users\HP\Documents\Dagii\Credit-scoring-model\data
2025-03-06 16:00:16,521 - INFO - Directory already exists: c:\Users\HP\Documents\Dagii\Credit-scoring-model\src\../logs
2025-03-06 16:02:31,220 - INFO - Attempting to load data from: c:\Users\HP\Documents\Dagii\Credit-scoring-model\data\data.csv
2025-03-06 16:02:31,709 - INFO - Successfully loaded data from: c:\Users\HP\Documents\Dagii\Credit-scoring-model\data\data.csv
2025-03-06 16:02:48,962 - INFO - Attempting to load data from: c:\Users\HP\Documents\Dagii\Credit-scoring-model\data\data.csv
2025-03-06 16:02:49,470 - INFO - Successfully loaded data from: c:\Users\HP\Documents\Dagii\Credit-scoring-model\data\data.csv
2025-03-06 16:06:35,466 - INFO - Creating aggregate features for customers
2025-03-06 16:06:35,493 - INFO - Filtered data for positive transactions
2025-03-06 16:06:35,588 - INFO - Aggregate features created successfully
2025-03-06 16:07:37,915 - INFO - Creating aggregate features for customers
2025-03-06 16:07:37,941 - INFO - Filtered data for positive transactions
2025-03-06 16:07:38,055 - INFO - Aggregate features created successfully
2025-03-06 16:07:50,878 - INFO - Creating aggregate features for customers
2025-03-06 16:07:50,910 - INFO - Filtered data for positive transactions
2025-03-06 16:07:51,132 - INFO - Aggregate features created successfully
2025-03-06 16:09:35,041 - INFO - Extracting time-based features
2025-03-06 16:09:35,432 - INFO - Time features extracted successfully
2025-03-06 16:11:28,133 - INFO - Extracting time-based features
2025-03-06 16:11:28,211 - INFO - Time features extracted successfully
2025-03-06 16:11:37,579 - INFO - Extracting time-based features
2025-03-06 16:11:37,697 - INFO - Time features extracted successfully
2025-03-06 16:26:23,967 - INFO - Encoding categorical variables
2025-03-06 16:26:23,975 - INFO - Converted CurrencyCode to category codes
2025-03-06 16:26:23,986 - INFO - Converted ProviderId to category codes
2025-03-06 16:26:23,992 - INFO - Converted ProductId to category codes
2025-03-06 16:26:24,002 - INFO - Converted ProductCategory to category codes
2025-03-06 16:26:24,002 - INFO - Applying WOE encoding
2025-03-06 16:26:24,002 - INFO - Calculating WOE for feature: CurrencyCode
2025-03-06 16:26:24,002 - ERROR - ValueError in WOE calculation: ('Lengths must match to compare', (95662,), (1,))
2025-03-06 16:26:24,002 - ERROR - ValueError in encoding categorical variables: ('Lengths must match to compare', (95662,), (1,))
2025-03-06 16:26:42,329 - INFO - Encoding categorical variables
2025-03-06 16:26:42,330 - INFO - Applying WOE encoding
2025-03-06 16:26:42,331 - INFO - Calculating WOE for feature: CurrencyCode
2025-03-06 16:26:42,342 - ERROR - ValueError in WOE calculation: ('Lengths must match to compare', (95662,), (1,))
2025-03-06 16:26:42,343 - ERROR - ValueError in encoding categorical variables: ('Lengths must match to compare', (95662,), (1,))
2025-03-06 16:27:07,165 - INFO - Directory already exists: c:\Users\HP\Documents\Dagii\Credit-scoring-model\data
2025-03-06 16:27:07,165 - INFO - Directory already exists: c:\Users\HP\Documents\Dagii\Credit-scoring-model\src\../logs
2025-03-06 16:27:10,156 - INFO - Attempting to load data from: c:\Users\HP\Documents\Dagii\Credit-scoring-model\data\data.csv
2025-03-06 16:27:10,476 - INFO - Successfully loaded data from: c:\Users\HP\Documents\Dagii\Credit-scoring-model\data\data.csv
2025-03-06 16:27:13,911 - INFO - Creating aggregate features for customers
2025-03-06 16:27:13,916 - INFO - Filtered data for positive transactions
2025-03-06 16:27:13,982 - INFO - Aggregate features created successfully
2025-03-06 16:27:19,455 - INFO - Extracting time-based features
2025-03-06 16:27:19,624 - INFO - Time features extracted successfully
2025-03-06 16:27:22,637 - INFO - Encoding categorical variables
2025-03-06 16:27:22,647 - INFO - Converted CurrencyCode to category codes
2025-03-06 16:27:22,655 - INFO - Converted ProviderId to category codes
2025-03-06 16:27:22,666 - INFO - Converted ProductId to category codes
2025-03-06 16:27:22,670 - INFO - Converted ProductCategory to category codes
2025-03-06 16:27:22,670 - INFO - Applying WOE encoding
2025-03-06 16:27:22,670 - INFO - Calculating WOE for feature: CurrencyCode
2025-03-06 16:27:22,684 - ERROR - ValueError in WOE calculation: ('Lengths must match to compare', (95662,), (1,))
2025-03-06 16:27:22,684 - ERROR - ValueError in encoding categorical variables: ('Lengths must match to compare', (95662,), (1,))
